<?xml version="1.0" encoding="UTF-8"?>
<testng-results skipped="0" failed="0" ignored="0" total="1" passed="1">
  <reporter-output>
  </reporter-output>
  <suite name="Default suite" duration-ms="2467" started-at="2019-07-02T19:35:30Z" finished-at="2019-07-02T19:35:32Z">
    <groups>
    </groups>
    <test name="Default test" duration-ms="2467" started-at="2019-07-02T19:35:30Z" finished-at="2019-07-02T19:35:32Z">
      <class name="TC001">
        <test-method status="PASS" signature="getWeatherDetails()[pri:0, instance:TC001@39c0f4a]" name="getWeatherDetails" duration-ms="2422" started-at="2019-07-02T19:35:30Z" finished-at="2019-07-02T19:35:32Z">
          <reporter-output>
          </reporter-output>
        </test-method> <!-- getWeatherDetails -->
      </class> <!-- TC001 -->
    </test> <!-- Default test -->
  </suite> <!-- Default suite -->
</testng-results>
